The dataset does not contain NaN values.
Preprocessing class distribution: {0: 50000, 1: 50000}
Train set distribution: {0: 40000, 1: 40000}
Test set distribution: {0: 10000, 1: 10000}
Fitting 10 folds for each of 100 candidates, totalling 1000 fits
Best params: {'tree_method': 'approx', 'subsample': 0.8, 'scale_pos_weight': 1, 'reg_lambda': 1, 'reg_alpha': 1, 'objective': 'binary:logistic', 'n_estimators': 500, 'min_child_weight': 5, 'max_depth': 3, 'max_delta_step': 5, 'learning_rate': 0.1, 'gamma': 5, 'colsample_bytree': 0.6, 'booster': 'gbtree'}
Model saved in: BDT_optimized_2part.joblib
Feature importances:
                         Feature  Importance
46                         time0    0.639845
0                         radius    0.085832
26                   TotalEnergy    0.029637
4                   radius_plain    0.029243
5              radialSigma_plain    0.012364
35                      Z_vertex    0.011117
15                            E1    0.009720
42          MaxEnergyCloseVertex    0.008280
45     centralTowerFraction_cell    0.007368
36                    VertexTime    0.006531
16                            R1    0.006258
43              VarianceAtVertex    0.005933
40      TotalEnergyCloseToVertex    0.005413
44         distanceMaxFromVertex    0.005082
38           numCellBeforeVertex    0.004944
6                   length_plain    0.004668
20                            R2    0.004647
17                            E2    0.004624
2                         length    0.004597
47                         speed    0.004466
39                        DeltaT    0.004383
7        longitudinalSigma_plain    0.004369
30  distanceFirstSecondMaxEnergy    0.004337
24                            R3    0.004335
3              longitudinalSigma    0.004314
21                            E3    0.004296
10                     Asymmetry    0.004262
29         SecondMaxEnergyInCell    0.004256
41   EnergyFractionCloseToVertex    0.004251
37      PostVertexEnergyFraction    0.004163
13               Asymmetry_plain    0.004116
22                        theta3    0.004089
11              AsymmetryX_plain    0.004080
33                 EfractionCell    0.004027
23                            d3    0.004010
12              AsymmetryY_plain    0.003992
19                            d2    0.003974
1                    radialSigma    0.003970
18                        theta2    0.003966
9                     AsymmetryY    0.003948
32          DeltaEcell_secondMax    0.003935
27           NumberOfUniqueCells    0.003893
28               MaxEnergyInCell    0.003887
34                  weightedTime    0.003835
31                    RatioEcell    0.003714
25                    Aplanarity    0.003528
8                     AsymmetryX    0.003500
14                      NumPeaks    0.000000
Test accuracy of loaded model: 0.77885
Classification report:
              precision    recall  f1-score   support

           0       0.76      0.82      0.79     10000
           1       0.80      0.74      0.77     10000

    accuracy                           0.78     20000
   macro avg       0.78      0.78      0.78     20000
weighted avg       0.78      0.78      0.78     20000

Confusion matrix saved as: preprint_confusionMatrix.png
